0 E 73 152 0 F:\projects\DEV\GBDEV\mandelbrot\main.asm
0 E 73 156 0 F:\projects\DEV\GBDEV\mandelbrot\main.asm
0 E 73 182 0 F:\projects\DEV\GBDEV\mandelbrot\main.asm
0 E 73 210 0 F:\projects\DEV\GBDEV\mandelbrot\main.asm
0 E 73 252 0 F:\projects\DEV\GBDEV\mandelbrot\main.asm
0 E 73 256 0 F:\projects\DEV\GBDEV\mandelbrot\main.asm
0 E 73 354 0 F:\projects\DEV\GBDEV\mandelbrot\main.asm
0 E 73 367 0 F:\projects\DEV\GBDEV\mandelbrot\main.asm
0 E 73 375 0 F:\projects\DEV\GBDEV\mandelbrot\main.asm
0 E 73 399 0 F:\projects\DEV\GBDEV\mandelbrot\main.asm
0 E 73 422 0 F:\projects\DEV\GBDEV\mandelbrot\main.asm
0 E 73 426 0 F:\projects\DEV\GBDEV\mandelbrot\main.asm
0 E 73 445 0 F:\projects\DEV\GBDEV\mandelbrot\main.asm
0 E 73 458 0 F:\projects\DEV\GBDEV\mandelbrot\main.asm
0 E 73 466 0 F:\projects\DEV\GBDEV\mandelbrot\main.asm
0 E 73 490 0 F:\projects\DEV\GBDEV\mandelbrot\main.asm
0 E 73 513 0 F:\projects\DEV\GBDEV\mandelbrot\main.asm
0 E 73 517 0 F:\projects\DEV\GBDEV\mandelbrot\main.asm
0 E 73 536 0 F:\projects\DEV\GBDEV\mandelbrot\main.asm
0 E 73 565 0 F:\projects\DEV\GBDEV\mandelbrot\main.asm
0 E 73 569 0 F:\projects\DEV\GBDEV\mandelbrot\main.asm
0 E 73 588 0 F:\projects\DEV\GBDEV\mandelbrot\main.asm
0 E 73 601 0 F:\projects\DEV\GBDEV\mandelbrot\main.asm
0 E 73 609 0 F:\projects\DEV\GBDEV\mandelbrot\main.asm
0 E 73 643 0 F:\projects\DEV\GBDEV\mandelbrot\main.asm
0 E 73 647 0 F:\projects\DEV\GBDEV\mandelbrot\main.asm
0 E 73 664 0 F:\projects\DEV\GBDEV\mandelbrot\main.asm
0 E 73 685 0 F:\projects\DEV\GBDEV\mandelbrot\main.asm
0 E 73 708 0 F:\projects\DEV\GBDEV\mandelbrot\main.asm
0 E 73 712 0 F:\projects\DEV\GBDEV\mandelbrot\main.asm
0 E 73 728 0 F:\projects\DEV\GBDEV\mandelbrot\main.asm
0 E 73 744 0 F:\projects\DEV\GBDEV\mandelbrot\main.asm
0 E 73 748 0 F:\projects\DEV\GBDEV\mandelbrot\main.asm
0 E 73 761 0 F:\projects\DEV\GBDEV\mandelbrot\main.asm
0 E 73 767 0 F:\projects\DEV\GBDEV\mandelbrot\main.asm
0 E 73 1333 0 F:\projects\DEV\GBDEV\mandelbrot\main.asm
0 E 73 1345 0 F:\projects\DEV\GBDEV\mandelbrot\main.asm
0 E 73 1357 0 F:\projects\DEV\GBDEV\mandelbrot\main.asm
0 E 73 1529 0 F:\projects\DEV\GBDEV\mandelbrot\main.asm
0 E 73 1768 0 F:\projects\DEV\GBDEV\mandelbrot\main.asm
0 E 73 2084 0 F:\projects\DEV\GBDEV\mandelbrot\main.asm
0 E 73 2482 0 F:\projects\DEV\GBDEV\mandelbrot\main.asm
0 E 73 2486 0 F:\projects\DEV\GBDEV\mandelbrot\main.asm
0 E 73 2763 0 F:\projects\DEV\GBDEV\mandelbrot\main.asm
0 E 73 2879 0 F:\projects\DEV\GBDEV\mandelbrot\main.asm
0 E 73 2959 0 F:\projects\DEV\GBDEV\mandelbrot\main.asm
0 E 73 3172 0 F:\projects\DEV\GBDEV\mandelbrot\main.asm
0 E 73 3183 0 F:\projects\DEV\GBDEV\mandelbrot\main.asm
0 E 73 3341 0 F:\projects\DEV\GBDEV\mandelbrot\main.asm
0 E 73 3618 0 F:\projects\DEV\GBDEV\mandelbrot\main.asm
0 E 73 3996 0 F:\projects\DEV\GBDEV\mandelbrot\main.asm
0 E 73 4000 0 F:\projects\DEV\GBDEV\mandelbrot\main.asm
0 E 73 4015 0 F:\projects\DEV\GBDEV\mandelbrot\main.asm
0 E 73 4021 0 F:\projects\DEV\GBDEV\mandelbrot\main.asm
0 E 73 4286 0 F:\projects\DEV\GBDEV\mandelbrot\main.asm
0 E 73 4305 0 F:\projects\DEV\GBDEV\mandelbrot\main.asm
0 E 73 4309 0 F:\projects\DEV\GBDEV\mandelbrot\main.asm
0 E 73 4590 0 F:\projects\DEV\GBDEV\mandelbrot\main.asm
0 E 73 4594 0 F:\projects\DEV\GBDEV\mandelbrot\main.asm
0 E 73 4630 0 F:\projects\DEV\GBDEV\mandelbrot\main.asm
0 E 73 4653 0 F:\projects\DEV\GBDEV\mandelbrot\main.asm
0 E 73 4661 0 F:\projects\DEV\GBDEV\mandelbrot\main.asm
0 E 73 4668 0 F:\projects\DEV\GBDEV\mandelbrot\main.asm
0 E 73 4683 0 F:\projects\DEV\GBDEV\mandelbrot\main.asm
0 E 73 4687 0 F:\projects\DEV\GBDEV\mandelbrot\main.asm
0 E 73 4695 0 F:\projects\DEV\GBDEV\mandelbrot\main.asm
0 E 73 4711 0 F:\projects\DEV\GBDEV\mandelbrot\main.asm
0 E 73 4715 0 F:\projects\DEV\GBDEV\mandelbrot\main.asm
1 E 19 5 0 F:\projects\DEV\GBDEV\mandelbrot\main.asm
1 E 19 6 0 F:\projects\DEV\GBDEV\mandelbrot\main.asm
1 E 19 11 0 F:\projects\DEV\GBDEV\mandelbrot\main.asm
1 E 19 12 0 F:\projects\DEV\GBDEV\mandelbrot\main.asm
1 E 19 13 0 F:\projects\DEV\GBDEV\mandelbrot\main.asm
1 E 19 14 0 F:\projects\DEV\GBDEV\mandelbrot\main.asm
1 E 19 15 0 F:\projects\DEV\GBDEV\mandelbrot\main.asm
1 E 19 16 0 F:\projects\DEV\GBDEV\mandelbrot\main.asm
1 E 19 17 0 F:\projects\DEV\GBDEV\mandelbrot\main.asm
1 E 19 18 0 F:\projects\DEV\GBDEV\mandelbrot\main.asm
1 E 19 19 0 F:\projects\DEV\GBDEV\mandelbrot\main.asm
1 E 19 20 0 F:\projects\DEV\GBDEV\mandelbrot\main.asm
1 E 19 21 0 F:\projects\DEV\GBDEV\mandelbrot\main.asm
1 E 19 22 0 F:\projects\DEV\GBDEV\mandelbrot\main.asm
1 E 19 23 0 F:\projects\DEV\GBDEV\mandelbrot\main.asm
1 E 19 24 0 F:\projects\DEV\GBDEV\mandelbrot\main.asm
1 E 19 25 0 F:\projects\DEV\GBDEV\mandelbrot\main.asm
1 E 19 26 0 F:\projects\DEV\GBDEV\mandelbrot\main.asm
1 E 19 27 0 F:\projects\DEV\GBDEV\mandelbrot\main.asm
1 E 19 28 0 F:\projects\DEV\GBDEV\mandelbrot\main.asm
1 E 19 29 0 F:\projects\DEV\GBDEV\mandelbrot\main.asm
1 E 19 30 0 F:\projects\DEV\GBDEV\mandelbrot\main.asm
1 E 19 31 0 F:\projects\DEV\GBDEV\mandelbrot\main.asm
1 E 19 32 0 F:\projects\DEV\GBDEV\mandelbrot\main.asm
1 E 19 39 0 F:\projects\DEV\GBDEV\mandelbrot\main.asm
1 E 19 40 0 F:\projects\DEV\GBDEV\mandelbrot\main.asm
1 E 19 41 0 F:\projects\DEV\GBDEV\mandelbrot\main.asm
1 E 19 42 0 F:\projects\DEV\GBDEV\mandelbrot\main.asm
1 E 19 43 0 F:\projects\DEV\GBDEV\mandelbrot\main.asm
1 E 19 44 0 F:\projects\DEV\GBDEV\mandelbrot\main.asm
1 E 19 45 0 F:\projects\DEV\GBDEV\mandelbrot\main.asm
1 E 19 46 0 F:\projects\DEV\GBDEV\mandelbrot\main.asm
1 E 19 47 0 F:\projects\DEV\GBDEV\mandelbrot\main.asm
1 E 21 47 0 F:\projects\DEV\GBDEV\mandelbrot\main.asm
