         w __deregister_frame_info
         w __register_frame_info
         w userAppExit
         w userAppInit
00000000 00000401 B __ctru_dev_path_buf
00000000 b _TLS_MODULE_BASE_
00000000 a shift
00000000 a shift
00000404 00000802 B __ctru_dev_utf16_buf
00100000 A __start__
00100000 T _start
00100008 T __service_ptr
0010000c T __apt_appid
00100010 T __heap_size
00100014 T __linear_heap_size
00100018 T __system_arglist
0010001c T __system_runflags
00100020 t startup
00100058 t ClearMem
0010006c t ClrLoop
00100094 T _init
001000ac T __aeabi_idiv
001000ac 00000220 T __divsi3
001000b4 t .divsi3_skip_div0_test
001002cc 00000020 T __aeabi_idivmod
001002ec 00000004 W __aeabi_idiv0
001002ec 00000004 W __aeabi_ldiv0
001002f0 T __aeabi_ldivmod
001003c4 T __aeabi_uldivmod
00100408 00000390 T strcmp
00100790 t .udivsi3_skip_div0_test
00100790 T __aeabi_uidiv
00100790 000001ec T __udivsi3
0010097c 00000020 T __aeabi_uidivmod
0010099c T __aeabi_drsub
001009a4 000002b0 T __aeabi_dsub
001009a4 000002b0 T __subdf3
001009a8 000002ac T __adddf3
001009a8 000002ac T __aeabi_dadd
00100c54 00000024 T __aeabi_ui2d
00100c54 00000024 T __floatunsidf
00100c78 00000028 T __aeabi_i2d
00100c78 00000028 T __floatsidf
00100ca0 00000048 T __aeabi_f2d
00100ca0 00000048 T __extendsfdf2
00100ce8 00000074 T __aeabi_ul2d
00100ce8 00000074 T __floatundidf
00100cfc 00000060 T __aeabi_l2d
00100cfc 00000060 T __floatdidf
00100d5c t __do_global_dtors_aux
00100d9c t frame_dummy
00100dc8 00000080 T assignDeadColorArray
00100e48 0000098c T drawSetInMode
001017d8 000005e0 T main
00101db8 00000018 T consoleSelect
00101dd0 00000178 T consoleDrawChar
00101f48 00000124 T consolePrintChar
0010206c 00000a00 T con_write
00102a6c 00000168 T consoleInit
00102bd4 000000f4 t newRow
00102cc8 000000d0 t gfxPresentFramebuffer
00102d98 0000001c T gfxIsWide
00102db4 000000ec T gfxSetScreenFormat
00102ea0 00000010 T gfxSetDoubleBuffering
00102eb0 00000108 T gfxInit
00102fb8 00000010 T gfxInitDefault
00102fc8 000000b4 T gfxExit
0010307c 000000a0 T gfxGetFramebuffer
0010311c 0000010c T gfxFlushBuffers
00103228 00000050 T gfxSwapBuffers
00103278 00000050 T gfxSwapBuffersGpu
001032c8 00000c58 t gspHardwareInit
00103f20 00000254 T gspInit
00104174 000000f0 T gspExit
00104264 00000010 T gspHasGpuRight
00104274 00000098 T gspPresentBuffer
0010430c 00000050 T gspWaitForEvent
0010435c 00000004 W gxCmdQueueInterrupt
00104360 00000160 t gspEventThreadMain
001044c0 00000050 T GSPGPU_FlushDataCache
00104510 00000034 T GSPGPU_SetLcdForceBlack
00104544 00000068 T GSPGPU_AcquireRight
001045ac 00000048 T GSPGPU_ReleaseRight
001045f4 0000007c T GSPGPU_ImportDisplayCaptureInfo
00104670 0000002c T GSPGPU_SaveVramSysArea
0010469c 0000002c T GSPGPU_RestoreVramSysArea
001046c8 000001b0 t aptConvertScreenForCapture
00104878 00000008 W aptDspSleep
00104880 00000004 W aptDspWakeup
00104884 00000004 W aptDspCancel
00104888 0000015c T aptSendCommand
001049e4 00000038 t aptExitProcess
00104a1c 000002f0 T aptExit
00104d0c 000000d8 T aptHandleSleep
00104de4 0000001c T aptSetMessageCallback
00104e00 00000084 T APT_SleepIfShellClosed
00104e84 00000084 T aptSetSleepAllowed
00104f08 00000084 T APT_UnlockTransition
00104f90 00000484 t aptEventHandler
00105414 000000b0 T APT_ReceiveParameter
001054c4 000000b0 t aptReceiveParameter.constprop.0
00105578 000002bc t aptScreenTransfer
00105834 000002d0 t aptWaitForWakeUp.isra.0
00105b04 00000118 T aptLaunchLibraryApplet
00105c1c 000000f8 T aptJumpToHomeMenu
00105d14 0000004c T aptMainLoop
00105d60 00000234 T aptInit
00105f94 0000005c T APT_SendParameter
00105ff0 0000007c T APT_CheckNew3DS
0010606c 00000024 W hidShouldUseIrrst
00106090 0000018c T hidInit
0010621c 000000e8 T hidExit
00106304 00000294 T hidScanInput
00106598 00000010 T hidKeysDown
001065a8 00000178 t swkbdMessageCallback
00106720 00000078 T swkbdInit
00106798 000003ac T swkbdInputText
00106b44 000000e8 T utf16_to_utf8
00106c2c 00000064 T decode_utf16
00106c90 000000c0 T utf8_to_utf16
00106d50 00000038 W __libctru_init
00106d88 000000f0 W __system_initArgv
00106e78 T svcControlMemory
00106e98 T svcQueryMemory
00106ec8 T svcExitProcess
00106ed0 T svcCreateThread
00106ef0 T svcExitThread
00106ef8 T svcSleepThread
00106f00 T svcReleaseMutex
00106f08 T svcCreateEvent
00106f1c T svcSignalEvent
00106f24 T svcClearEvent
00106f2c T svcCreateMemoryBlock
00106f44 T svcMapMemoryBlock
00106f4c T svcUnmapMemoryBlock
00106f54 T svcCreateAddressArbiter
00106f68 T svcArbitrateAddressNoTimeout
00106f70 T svcCloseHandle
00106f78 T svcWaitSynchronization
00106f80 T svcWaitSynchronizationN
00106fa8 T svcDuplicateHandle
00106fbc T svcGetSystemTick
00106fc4 T svcConnectToPort
00106fd8 T svcSendSyncRequest
00106fe0 T svcGetResourceLimit
00106ff4 T svcGetResourceLimitLimitValues
00106ffc T svcGetResourceLimitCurrentValues
00107004 T svcBreak
0010700c W initSystem
0010705c W __ctru_exit
00107074 00000024 t addrMapNodeComparator(rbtree_node const*, rbtree_node const*)
00107098 00000004 t addrMapNodeDestructor(rbtree_node*)
0010709c 00000114 T vramMemAlign
001071b0 00000008 T vramAlloc
001071b8 0000005c T vramFree
00107214 00000024 t addrMapNodeComparator(rbtree_node const*, rbtree_node const*)
00107238 00000004 t addrMapNodeDestructor(rbtree_node*)
0010723c 00000120 T linearMemAlign
0010735c 00000008 T linearAlloc
00107364 0000005c T linearFree
001073c0 00000084 T MemPool::CoalesceRight(MemBlock*)
00107444 00000170 T MemPool::Allocate(MemChunk&, unsigned long, int)
001075b4 000000fc T MemPool::Deallocate(MemChunk const&)
001076b0 0000000c T __sync_init
001076bc 00000018 T __sync_fini
001076d4 0000002c T syncArbitrateAddress
00107700 0000001c T LightLock_Init
0010771c 00000094 T LightLock_Lock
001077b0 00000044 T LightLock_TryLock
001077f4 00000040 T LightLock_Unlock
00107834 00000024 T RecursiveLock_Init
00107858 00000030 T RecursiveLock_Lock
00107888 00000078 T RecursiveLock_TryLock
00107900 00000054 T RecursiveLock_Unlock
00107954 00000040 T LightEvent_Init
00107994 000000a4 T LightEvent_Clear
00107a38 000000c8 T LightEvent_Signal
00107b00 00000058 T LightEvent_TryWait
00107b58 000000b0 T LightEvent_Wait
00107c08 00000054 T osGetTimeRef
00107c5c 000000e4 T osGetTime
00107d40 00000074 T __libctru_gtod
00107db4 00000034 T __ctru_speedup_config
00107de8 00000124 T srvInit
00107f0c 00000058 T srvExit
00107f64 00000080 T srvGetServiceHandleDirect
00107fe4 00000048 T srvGetServiceHandle
0010802c 00000038 T srvPublishToSubscriber
00108064 00000188 T threadCreate
001081ec 0000002c T threadFree
00108218 00000024 T threadJoin
0010823c 00000030 T threadGetCurrent
0010826c 00000040 T threadExit
001082ac 00000044 t _thread_begin
001082f0 00000094 t mappableFindAddressWithin
00108384 00000028 T mappableInit
001083ac 00000080 T mappableAlloc
0010842c 00000004 T mappableFree
00108430 00000160 T irrstInit
00108590 000000cc T irrstExit
0010865c 000000b0 T irrstScanInput
0010870c 00000024 T irrstKeysHeld
00108730 0000000c T srvPmGetSessionHandle
0010873c 00000074 T ptmSysmInit
001087b0 0000003c T ptmSysmExit
001087ec 00000034 T PTMSYSM_ConfigureNew3DSCPU
00108820 00000010 T rbtree_init
00108830 000001a0 t do_insert
001089d0 00000008 T rbtree_insert
001089d8 00000090 T rbtree_rotate
00108a68 00000338 T rbtree_remove
00108da0 00000074 T rbtree_find
00108e14 00000060 T encode_utf16
00108e74 000000fc T encode_utf8
00108f70 0000013c T decode_utf8
001090ac 00000030 W __appInit
001090dc 00000030 t __libctru_nanosleep
0010910c 00000030 t __libctru_get_reent
0010913c 000000f8 T __system_initSyscalls
00109238 000001e0 W __system_allocateHeaps
00109418 00000030 W __appExit
00109448 00000090 W __libctru_exit
001094d8 00000084 W envGetHandle
0010955c 00000050 W envDestroyHandles
001095ac 00000014 t archive_link
001095c0 00000014 t archive_dirreset
001095d4 00000014 t archive_chmod
001095e8 00000024 t error_cmp
0010960c 00000050 t archive_translate_error
0010965c 000000d4 t archive_seek
00109730 0000007c t _archiveInit.part.0
001097ac 0000008c t archiveFindDevice.part.0
00109838 00000294 t archive_utf16path
00109acc 000000a0 t _archiveUnmountDeviceStruct.part.0
00109b6c 00000014 t archive_fchmod
00109b80 00000014 t archive_statvfs
00109b94 00000158 t _archiveMountDevice
00109cec 000000e8 t archive_diropen
00109dd4 000000a4 t archive_fstat
00109e78 0000006c t archive_close
00109ee4 0000006c t archive_fsync
00109f50 00000070 t archive_dirclose
00109fc0 000000e8 t sdmc_statvfs
0010a0a8 00000080 t archive_ftruncate
0010a128 000000fc t archive_chdir
0010a224 000000b0 t archive_read
0010a2d4 000000ac t archive_unlink
0010a380 000000c8 t archive_rmdir
0010a448 000000ec t archive_mkdir
0010a534 000001a8 t archive_stat
0010a6dc 00000184 t archive_rename
0010a860 00000168 t archive_dirnext
0010a9c8 0000012c t archive_write
0010aaf4 000001f0 t archive_open
0010ace4 000001a4 T archiveMountSdmc
0010ae88 00000054 T archiveUnmountAll
0010aedc 000000c8 T fsInit
0010afa4 0000003c T fsExit
0010afe0 00000060 T fsExemptFromSession
0010b040 00000050 T fsUnexemptFromSession
0010b090 000000cc T FSUSER_OpenFile
0010b15c 000000bc T FSUSER_DeleteFile
0010b218 000000f8 T FSUSER_RenameFile
0010b310 000000bc T FSUSER_DeleteDirectory
0010b3cc 000000d4 T FSUSER_CreateFile
0010b4a0 000000c4 T FSUSER_CreateDirectory
0010b564 000000f8 T FSUSER_RenameDirectory
0010b65c 000000b4 T FSUSER_OpenDirectory
0010b710 00000094 T FSUSER_OpenArchive
0010b7a4 0000008c T FSUSER_CloseArchive
0010b830 00000074 T FSUSER_GetSdmcArchiveResource
0010b8a4 00000064 T FSUSER_IsSdmcWritable
0010b908 00000058 T FSFILE_Read
0010b960 00000060 T FSFILE_Write
0010b9c0 00000038 T FSFILE_GetSize
0010b9f8 00000028 T FSFILE_SetSize
0010ba20 0000003c T FSFILE_Close
0010ba5c 00000024 T FSFILE_Flush
0010ba80 00000050 T FSDIR_Read
0010bad0 0000003c T FSDIR_Close
0010bb0c 00000050 T rbtree_node_next
0010bb5c T __aeabi_read_tp
0010bb68 00000260 T log
0010bdc8 00000024 t with_errno
0010bdec 00000028 t xflow
0010be18 00000010 T __math_uflow
0010be28 00000010 T __math_oflow
0010be38 00000050 T __math_divzero
0010be88 0000001c T __math_invalid
0010bea4 00000014 T __math_check_uflow
0010beb8 00000028 T __math_check_oflow
0010bee0 000000c0 T cos
0010bfa0 000000c8 T sin
0010c068 00000070 T cosh
0010c0d8 00000078 T sinh
0010c150 00000058 T sqrt
0010c1a8 00000154 T __ieee754_cosh
0010c300 00000328 T __ieee754_rem_pio2
0010c628 00000180 T __ieee754_sinh
0010c7a8 00000008 T __ieee754_sqrt
0010c7b0 0000022c T exp
0010c9e0 00000158 T __kernel_cos
0010cb38 0000088c T __kernel_rem_pio2
0010d3c8 000000c0 T __kernel_sin
0010d488 00000394 T expm1
0010d81c 00000014 T fabs
0010d830 00000020 T finite
0010d850 00000174 T floor
0010d9c8 0000012c T scalbn
0010daf4 00000120 T __udivmoddi4
0010dc14 00000008 T atof
0010dc1c 0000000c T atoll
0010dc28 0000000c T atol
0010dc34 00000078 T bsearch
0010dcac 0000000c T __errno
0010dcb8 00000034 T exit
0010dcec 00000160 T _fclose_r
0010de4c 00000020 T fclose
0010de6c 00000258 T __sflush_r
0010e0c4 00000094 T _fflush_r
0010e158 00000038 T fflush
0010e190 0000000c T _cleanup_r
0010e19c 00000184 T __sinit
0010e320 00000134 T __sfp
0010e454 0000000c T __sfp_lock_acquire
0010e460 0000000c T __sfp_lock_release
0010e46c 0000003c T __libc_fini_array
0010e4a8 00000140 T _fopen_r
0010e5e8 00000028 T fopen
0010e610 0000003c T fprintf
0010e64c 00000094 T fputc
0010e6e0 000000f8 T _malloc_trim_r
0010e7d8 000002e4 T _free_r
0010eabc 0000001c T _fseek_r
0010ead8 00000598 T _fseeko_r
0010f070 00000068 T _fwalk
0010f0d8 00000070 T _fwalk_reent
0010f148 0000007c T __libc_init_array
0010f1c4 00000138 T __smakebuf_r
0010f2fc 0000008c T __swhatbuf_r
0010f388 00000028 T memalign
0010f3b0 00000150 T _memalign_r
0010f500 00000020 T malloc
0010f520 00000020 T free
0010f540 000007e0 T _malloc_r
0010fd20 000000e0 T memchr
0010fe00 0000011c T memcpy
0010ff1c 00000118 T memset
00110034 0000000c T __malloc_lock
00110040 0000000c T __malloc_unlock
0011004c 00000034 T printf
00110080 000000dc T _putc_r
0011015c 000000e0 T _puts_r
0011023c 00000020 T puts
0011025c 0000001c t lflush
00110278 000001ac T __srefill_r
00110424 00000260 T setvbuf
00110684 000000cc T snprintf
00110750 00000064 T sprintf
001107b4 00000074 T sscanf
00110828 00000044 T __sread
0011086c 00000008 T __seofread
00110874 00000068 T __swrite
001108dc 00000048 T __sseek
00110924 00000008 T __sclose
0011092c 00000070 T stpcpy
0011099c 0000005c T strlen
001109f8 000000ec T strncat
00110ae4 000000dc T strncmp
00110bc0 000000c0 T strncpy
00110c80 00000048 T strnlen
00110cc8 00001368 T _strtod_l
00112030 0000000c T _strtod_r
0011203c 0000002c T strtod
00112068 0000022c t _strtoll_l.constprop.0
00112294 00000004 T _strtoll_r
00112298 00000030 T strtoll
001122c8 000001a4 t _strtol_l.part.0
0011246c 0000003c T _strtol_r
001124a8 00000058 T strtol
00112500 00000628 t get_arg
00112b28 000035b8 T _svfprintf_r
001160e0 00000050 t get_arg
00116130 00002bbc T __ssvfscanf_r
00118cec 00000628 t get_arg
00119314 00000030 T __sprint_r
00119344 0000233c T _vfiprintf_r
0011b680 000000d4 t __sbprintf
0011b754 00000628 t get_arg
0011bd80 00003684 T _vfprintf_r
0011f404 000000d4 t __sbprintf
0011f4d8 00000108 T __swbuf_r
0011f5e0 00000054 T _wcrtomb_r
0011f634 00000028 T _wcsrtombs_r
0011f65c 00000154 T __swsetup_r
0011f7b0 00000114 T __call_exitprocs
0011f8c4 000001ac t quorem
0011fa70 000012cc T _dtoa_r
00120d3c 000000cc T __sflags
00120e08 000004c0 T __sfvwrite_r
001212c8 000000ec t rshift
001213b4 00000904 T __gethex
00121cb8 0000004c T __match
00121d04 0000029c T __hexnan
00121fa0 00000008 T iswspace
00121fa8 0000000c T _localeconv_r
00121fb4 00000010 T __locale_mb_cur_max
00121fc4 00000068 T _mbrtowc_r
0012202c 000002e4 T __utf8_mbtowc
00122310 00000154 T memmove
00122464 00000088 T _Balloc
001224ec 0000001c T _Bfree
00122508 000000f4 T __multadd
001225fc 00000110 T __s2b
0012270c 00000058 T __hi0bits
00122764 00000094 T __lo0bits
001227f8 000000a4 T __i2b
0012289c 00000204 T __multiply
00122aa0 00000120 T __pow5mult
00122bc0 0000013c T __lshift
00122cfc 00000058 T __mcmp
00122d54 000001cc T __mdiff
00122f20 00000074 T __ulp
00122f94 000000d0 T __b2d
00123064 00000124 T __d2b
00123188 00000078 T __ratio
00123200 00000088 T __copybits
00123288 0000005c T __any_on
001232e4 00000028 T realloc
0012330c 00000558 T _realloc_r
00123864 000000e4 T __sccl
00123948 0000000c T nanf
00123958 000000a8 T frexp
00123a00 00000010 T nan
00123a10 000000b8 T stpncpy
00123ac8 0000012c T strchr
00123bf4 00000244 t _strtoull_l.constprop.0
00123e38 00000004 T _strtoull_r
00123e3c 000001c4 t _strtoul_l.constprop.0
00124000 00000004 T _strtoul_r
00124004 00000190 T __ssprint_r
00124194 000000e0 T _sungetc_r
00124274 0000006c T __ssrefill_r
001242e0 000000c8 T _sfread_r
001243a8 000000a8 T __submore
00124450 00000190 T _wcsnrtombs_l
001245e0 0000004c T _wcsnrtombs_r
0012462c 000000f0 T __utf8_wctomb
0012471c 00000054 T __assert_func
00124770 000000bc T _calloc_r
0012482c 0000003c T fiprintf
00124868 0000003c T iswspace_l
001248a4 000001d4 t __jp2uc
00124a78 0000009c T _jp2uc_l
00124b14 00000014 T abort
00124b28 00000084 T category
00124bac 00000098 T _raise_r
00124c44 00000020 T raise
00124c64 00000008 t null_write
00124c6c 00000018 T setDefaultDevice
00124c84 000000c8 T FindDevice
00124d4c 00000028 T RemoveDevice
00124d74 0000009c T AddDevice
00124e10 00000020 T GetDeviceOpTab
00124e30 00000078 T _fstat_r
00124ea8 00000014 T _getpid_r
00124ebc 00000008 T _isatty_r
00124ec4 00000014 T _kill_r
00124ed8 00000084 T _lseek_r
00124f5c 000000c8 T _open_r
00125024 00000080 T _read_r
001250a4 00000078 T _sbrk_r
0012511c 00000080 T _write_r
0012519c 00000024 T _exit
001251c0 000001b8 T _concatenate_path
00125378 00000160 T chdir
001254d8 00000008 T __flockfile
001254e0 00000008 T __funlockfile
001254e8 00000018 T __libc_lock_acquire
00125500 00000018 T __libc_lock_release
00125518 00000018 T __libc_lock_init_recursive
00125530 00000018 T __libc_lock_acquire_recursive
00125548 00000018 T __libc_lock_release_recursive
00125560 00000018 T __libc_lock_close_recursive
00125578 0000008c T __release_handle
00125604 000000b4 T __alloc_handle
001256b8 0000003c T __get_handle
001256f4 000000f4 T _close_r
001257e8 00000028 T __getreent
00125810 00000038 T __aeabi_d2lz
00125810 00000038 T __fixdfdi
00125848 00000040 T __aeabi_d2ulz
00125848 00000040 T __fixunsdfdi
00125888 00000044 T strrchr
001258cc T _fini
0012bfe8 00000030 r colorTable
0012c018 00000070 r dotab_stdout
0012c0ac 00000008 r morton_x.3
0012c0b4 00000008 r morton_y.2
0012c0bc 00000008 r s_sleepWakeEvents.4
0012c0dc R default_font_bin
0012c8dc R default_font_bin_end
0012c914 00000070 r archive_devoptab
0012c984 00000030 r error_table
0012c9bc 00000080 r npio2_hw
0012ca3c 00000108 r two_over_pi
0012cb48 00000040 r PIo2
0012cb88 00000010 r init_jk
0012cb98 00001090 R __log_data
0012dc28 00000870 R __exp_data
0012e498 00000004 R _global_impure_ptr
0012e4ac 00000014 r fpi.1
0012e4c0 00000014 r fpinan.0
0012e4d8 00000028 r tinytens
0012e53c 00000010 r blanks.1
0012e54c 00000010 r zeroes.0
0012e564 00000022 r basefix.0
0012e588 00000010 r blanks.1
0012e598 00000010 r zeroes.0
0012e5a8 00000010 r blanks.1
0012e5b8 00000010 r zeroes.0
0012e5c8 00000101 R _ctype_
0012e6dc r .LC2
0012e77c 00000100 R __hexdig
0012e880 0000000c R _C_numeric_locale
0012e910 00000028 R __mprec_bigtens
0012e938 000000c8 R __mprec_tens
0012ea00 0000000c r p05.0
0012ea0c 0000006c R __action_table
0012ea78 00000100 R __chclass
0012eb78 0000006c R __state_table
0012ec38 000000bc r a1
0012ecf4 000000bc r a2
0012edb0 0000005b r a3
0012ee0c 00000070 r a6
0012ee7c 000000a2 r a7
0012ef20 00000040 r a8
0012ef60 0000172a r b02cf
0013068c 00001a7c r d02f4
00132108 000031e6 r categories
001352f0 00000070 R dotab_stdnull
00135360 r 
00135360 R __exidx_end
00135360 R __exidx_start
00136000 00000004 D currentConsole
00136004 0000004c D defaultConsole
00136050 00000001 d firstConsoleInit.0
00136054 00000004 d kCount
00136058 00000004 d kDelay
0013605c 00000004 d kInterval
00136060 W __stacksize__
00136064 0000000c d __sfp_recursive_mutex
00136070 0000000c d __sinit_recursive_mutex
0013607c 00000004 D _impure_ptr
00136080 00000460 d impure_data
001364e0 00000408 D __malloc_av_
001368e8 00000004 D __malloc_sbrk_base
001368ec 00000004 D __malloc_trim_threshold
001368f0 0000000c d __malloc_recursive_mutex
001368fc 0000000c D __atexit_recursive_mutex
00136908 00000002 d numempty
0013690c 0000016c D __global_locale
00136a78 00000004 d defaultDevice
00136a7c 0000008c D devoptab_list
00136b08 00000400 d _current_working_directory
00136f08 00000004 d __hndl_lock
00136f0c 0000000c d __stderr_handle
00136f18 0000000c d __stdin_handle
00136f24 0000000c d __stdout_handle
00136f30 00001000 d handles
00137f38 d _GLOBAL_OFFSET_TABLE_
00137f44 d __frame_dummy_init_array_entry
00137f44 D __init_array_start
00137f44 B __preinit_array_end
00137f44 B __preinit_array_start
00137f44 D __tdata_lma
00137f44 D __tdata_lma_end
00137f48 d __do_global_dtors_aux_fini_array_entry
00137f48 D __fini_array_start
00137f48 D __init_array_end
00137f4c D __bss_start__
00137f4c D __fini_array_end
00137f50 00000004 B maxPower
00137f54 00000004 B t
00137f58 00000004 B imageSave
00137f5c 00000004 B fp
00137f60 00000004 B bufAdr
00137f64 00000004 B scaleX
00137f68 00000004 B scaleY
00137f70 00000008 B res
00137f78 00000004 B xSize
00137f7c 00000004 B ySize
00137f80 00000004 B y
00137f84 0000004c B bottomScreen
00137fd0 0000004c B topScreen
0013801c 00000004 B x
00138020 00000008 B xCoord
00138028 00000008 B Zoom
00138030 00000008 B yCoord
00138038 00000004 B juliaMode
00138040 00000008 B cReal
00138048 00000008 B cImaginary
00138050 00000004 B funcNum
00138054 00000004 B mndlPow
00138058 000000ff B filename
00138158 00000400 b swkbd.1
00138558 0000003c b mybuf.0
00138594 00005dc0 B deadColorArray
0013e354 00000004 B format
0013e358 00000004 B mode
0013e35c b completed.1
0013e360 b object.0
0013e378 0000004c B currentCopy
0013e3c4 00000004 b gfxBottomFramebufferMaxSize
0013e3c8 00000008 b gfxBottomFramebuffers
0013e3d0 00000002 b gfxCurBuf
0013e3d4 00000002 b gfxFramebufferFormats
0013e3d8 00000002 b gfxIsDoubleBuf
0013e3da 00000001 b gfxIsVram
0013e3dc 00000004 b gfxTopFramebufferMaxSize
0013e3e0 00000008 b gfxTopFramebuffers
0013e3e8 00000001 b gfxTopMode
0013e3ec 00000004 b screenAlloc
0013e3f0 00000004 b screenFree
0013e3f4 00000004 b gspEvent
0013e3f8 0000001c b gspEventCb
0013e414 0000001c b gspEventCbData
0013e430 00000007 b gspEventCbOneShot
0013e438 00000004 b gspEventThread
0013e43c 00000038 b gspEvents
0013e474 00000004 b gspGpuHandle
0013e478 00000001 b gspGpuRight
0013e47c 00000004 b gspLastEvent
0013e480 00000004 b gspRefCount
0013e484 00000001 b gspRunEvents
0013e488 00000004 b gspSharedMem
0013e48c 00000004 b gspSharedMemHandle
0013e490 00000001 b gspThreadId
0013e491 00000001 b aptChainloadFlags
0013e492 00000001 b aptChainloadMediatype
0013e498 00000008 b aptChainloadTid
0013e4a0 00000004 b aptEventHandlerThread
0013e4a4 00000001 b aptEventHandlerThreadQuit
0013e4a8 00000008 b aptEvents
0013e4b0 0000000c b aptFirstHook
0013e4bc 00000004 b aptFlags
0013e4c0 00000001 b aptHomeButtonState
0013e4c4 00000004 b aptLockHandle
0013e4c8 00000004 b aptMessageFunc
0013e4cc 00000004 b aptMessageFuncData
0013e4d0 00001000 b aptParameters
0013f4d0 00000008 b aptReceiveEvent
0013f4d8 00000004 b aptRefCount
0013f4dc 00000008 b aptSleepEvent
0013f4e4 00000001 b flagInit.1
0013f4e5 00000001 b flagValue.0
0013f4e8 00000004 b serviceName.6
0013f4ec 00000006 b aVec
0013f4f4 00000004 b cPos
0013f4f8 00000006 b gRate
0013f500 00000014 B hidEvents
0013f514 00000004 B hidHandle
0013f518 00000004 B hidMemHandle
0013f51c 00000004 b hidRefCount
0013f520 00000004 B hidSharedMem
0013f524 00000004 b kDown
0013f528 00000004 b kHeld
0013f52c 00000004 b kOld
0013f530 00000004 b kRepeat
0013f534 00000004 b kUp
0013f538 00000004 b tPos
0013f53c 00000001 b usingIrrst
0013f540 00000004 b swkbdSharedMem
0013f544 00000004 b swkbdSharedMemHandle
0013f548 00000004 B __system_retAddr
0013f54c 00000004 B __system_argc
0013f550 00000004 B __system_argv
0013f554 b saved_stack
0013f55c 0000000c b sAddrMap
0013f568 00000008 b sVramPool
0013f570 00000008 b sLinearPool
0013f578 0000000c b sAddrMap
0013f584 00000004 b arbiter
0013f588 00000001 V __ctru_speedup
0013f58c 00000004 b srvHandle
0013f590 00000004 b srvRefCount
0013f594 00000004 b currentAddr
0013f598 00000004 b maxAddr
0013f59c 00000004 b minAddr
0013f5a0 00000004 b csPos
0013f5a4 00000004 B irrstEvent
0013f5a8 00000004 B irrstHandle
0013f5ac 00000004 B irrstMemHandle
0013f5b0 00000004 b irrstRefCount
0013f5b4 00000004 B irrstSharedMem
0013f5b8 00000004 b kHeld
0013f5bc 00000004 b srvPmHandle
0013f5c0 00000004 b ptmSysmHandle
0013f5c4 00000004 b ptmSysmRefCount
0013f5c8 00000004 B __ctru_heap
0013f5cc 00000004 V __ctru_heap_size
0013f5d0 00000004 B __ctru_linear_heap
0013f5d4 00000004 V __ctru_linear_heap_size
0013f5d8 00000004 b archive_device_cwd
0013f5e0 00000540 b archive_devices
0013fb20 00000001 b archive_initialized
0013fb28 00000080 b fsExemptArchives
0013fba8 00000004 b fsuHandle
0013fbac 00000004 b fsuRefCount
0013fbb0 00000028 B __malloc_current_mallinfo
0013fbd8 00000004 B __malloc_max_sbrked_mem
0013fbdc 00000004 B __malloc_max_total_mem
0013fbe0 00000004 B __malloc_top_pad
0013fbe4 00000004 b heap_start.0
0013fbe8 00000004 B fake_heap_end
0013fbec 00000004 B fake_heap_start
0013fbf0 00000400 b temp_cwd
0013fff0 00000048 B __syscalls
00140038 B __tls_start
00140c40 B __bss_end__
00140c40 A __end__
00140c40 B __tls_end
