0000000000000000 T __code_start
0000000000000000 A __start__
0000000000000000 T _start
0000000000000000 b _TLS_MODULE_BASE_
0000000000000000 0000000000000004 b fsdev_last_result
0000000000000004 0000000000000004 b g_fsPriority
0000000000000008 0000000000000401 B __nx_dev_path_buf
0000000000000108 T __nx_exit
0000000000000118 T __nx_mod0
0000000000000140 T _init
0000000000000180 0000000000000038 T exit
00000000000001c0 00000000000002c4 T main
0000000000000490 t __do_global_dtors_aux
00000000000004e0 t frame_dummy
0000000000000510 0000000000000088 T assignDeadColorArray
00000000000005a0 00000000000000ac T log
0000000000000650 00000000000000ec T ultraFractalColorIndex
0000000000000740 00000000000000a0 T drawBasedOnMode
00000000000007e0 0000000000000024 t _appletInfiniteSleepLoop
0000000000000810 0000000000000108 t _appletCmdGetSession
0000000000000920 00000000000000cc t _appletCmdInU8NoOut
00000000000009f0 0000000000000104 t _appletGetLaunchReason
0000000000000b00 00000000000000e4 t _appletSetFocusHandlingMode
0000000000000bf0 00000000000000cc t _appletCmdInU32NoOut
0000000000000cc0 0000000000000138 t _appletGetSessionProxy.constprop.0
0000000000000e00 0000000000000154 t _appletOpenLibraryAppletProxy.constprop.0
0000000000000f60 00000000000000d0 t _appletCmdGetHandle.constprop.0.isra.0
0000000000001030 00000000000000d4 t _appletCmdNoInOutU8.isra.0
0000000000001110 00000000000000d4 t _appletCmdNoInOutU32.isra.0
00000000000011f0 00000000000000d4 t _appletCmdNoInOutU64.isra.0
00000000000012d0 00000000000000c0 t _appletCmdNoIO.isra.0
0000000000001390 0000000000000010 T appletGetAppletType
00000000000013a0 0000000000000118 T appletSetFocusHandlingMode
00000000000014c0 000000000000005c T appletSetCpuBoostMode
0000000000001520 000000000000002c T appletCreateManagedDisplayLayer
0000000000001550 000000000000000c T appletGetAppletResourceUserId
0000000000001560 00000000000000f8 t _appletGetIndirectLayerConsumerHandle
0000000000001660 0000000000000088 t _appletHolderCreateState
00000000000016f0 00000000000000a8 T appletHolderClose
00000000000017a0 0000000000000024 T appletHolderGetLibraryAppletInfo
00000000000017d0 0000000000000090 T appletNotifyRunning
0000000000001860 000000000000008c T appletSetGamePlayRecordingState
00000000000018f0 0000000000000ac0 t _appletCleanup
00000000000023b0 0000000000000044 T appletExit
0000000000002400 0000000000000040 T appletGetLibraryAppletInfo
0000000000002440 0000000000000a10 T appletInitialize
0000000000002e50 0000000000000024 t _appletExitProcess
0000000000002e80 0000000000000074 T appletGetMessage
0000000000002f00 0000000000000248 T appletProcessMessage
0000000000003150 0000000000000034 T appletMainLoop
0000000000003190 000000000000008c T framebufferMakeLinear
0000000000003220 0000000000000080 T framebufferClose
00000000000032a0 00000000000002a0 T framebufferCreate
0000000000003540 0000000000000088 T framebufferBegin
00000000000035d0 0000000000000174 T framebufferEnd
0000000000003750 000000000000000c T nwindowGetDefault
0000000000003760 00000000000000c0 T __nx_win_init
0000000000003820 0000000000000034 T __nx_win_exit
0000000000003860 0000000000000024 T nwindowIsValid
0000000000003890 0000000000000080 T nwindowClose
0000000000003910 00000000000000ec T nwindowCreate
0000000000003a00 0000000000000034 T nwindowCreateFromLayer
0000000000003a40 0000000000000088 T nwindowSetDimensions
0000000000003ad0 0000000000000190 T nwindowConfigureBuffer
0000000000003c60 00000000000001d8 T nwindowDequeueBuffer
0000000000003e40 0000000000000140 T nwindowQueueBuffer
0000000000003f80 0000000000000098 T nwindowReleaseBuffers
0000000000004020 0000000000000014 T hosversionGet
0000000000004040 0000000000000010 T hosversionSet
0000000000004050 000000000000024c T envSetup
00000000000042a0 0000000000000020 T envGetMainThreadHandle
00000000000042c0 000000000000000c T envIsNso
00000000000042d0 0000000000000014 T envHasHeapOverride
00000000000042f0 000000000000000c T envGetHeapOverrideAddr
0000000000004300 000000000000000c T envGetHeapOverrideSize
0000000000004310 0000000000000014 T envHasArgv
0000000000004330 000000000000000c T envGetArgv
0000000000004340 000000000000000c T envGetExitFuncPtr
0000000000004350 000000000000000c T envSetExitFuncPtr
0000000000004360 000000000000000c T envHasRandomSeed
0000000000004370 0000000000000018 T envGetRandomSeed
0000000000004390 0000000000000004 W __libnx_alloc
00000000000043a0 0000000000000014 W __libnx_aligned_alloc
00000000000043c0 0000000000000004 W __libnx_free
00000000000043d0 000000000000005c t _padUpdateWithCommonState
0000000000004430 000000000000009c T padConfigureInput
00000000000044d0 0000000000000020 T padInitializeWithMask
00000000000044f0 0000000000000228 T padUpdate
0000000000004720 000000000000001c W diagAbortWithResult
000000000000473c T armDCacheFlush
0000000000004760 t armDCacheFlush_L0
0000000000004778 T svcSetHeapSize
000000000000478c T svcSetMemoryAttribute
0000000000004794 T svcUnmapMemory
000000000000479c T svcQueryMemory
00000000000047b0 T svcExitProcess
00000000000047b8 T svcSleepThread
00000000000047c0 T svcMapSharedMemory
00000000000047c8 T svcUnmapSharedMemory
00000000000047d0 T svcCreateTransferMemory
00000000000047e4 T svcCloseHandle
00000000000047ec T svcResetSignal
00000000000047f4 T svcWaitSynchronization
0000000000004808 T svcArbitrateLock
0000000000004810 T svcArbitrateUnlock
0000000000004818 T svcWaitProcessWideKeyAtomic
0000000000004820 T svcSignalProcessWideKey
0000000000004828 T svcConnectToNamedPort
000000000000483c T svcSendSyncRequest
0000000000004844 T svcBreak
000000000000484c T svcReturnFromException
0000000000004854 T svcGetInfo
0000000000004868 T svcUnmapTransferMemory
0000000000004870 000000000000045c T waitObjects
0000000000004cd0 00000000000000a8 T tmemCreate
0000000000004d80 0000000000000034 T tmemUnmap
0000000000004dc0 0000000000000068 T tmemClose
0000000000004e30 0000000000000080 T mutexLock
0000000000004eb0 0000000000000068 T mutexUnlock
0000000000004f20 000000000000001c T mutexIsLockedByCurrentThread
0000000000004f40 000000000000004c T rmutexLock
0000000000004f90 000000000000001c T rmutexUnlock
0000000000004fb0 0000000000000064 t _memregionInitWithInfo
0000000000005020 0000000000000004 W __libnx_virtmem_rng
0000000000005030 0000000000000178 t _memregionFindRandom
00000000000051b0 0000000000000120 T virtmemSetup
00000000000052d0 000000000000000c T virtmemLock
00000000000052e0 000000000000000c T virtmemUnlock
00000000000052f0 0000000000000054 T virtmemFindAslr
0000000000005350 000000000000000c T eventLoadRemote
0000000000005360 0000000000000038 T eventWait
00000000000053a0 0000000000000050 T eventClose
00000000000053f0 00000000000003d4 T randomGet
00000000000057d0 0000000000000020 T randomGet64
00000000000057f0 00000000000001dc t _viCleanup
00000000000059d0 0000000000000100 t _viCmdGetSessionNoParams.constprop.0
0000000000005ad0 00000000000000fc t _viCmdGetSession.constprop.0
0000000000005bd0 000000000000025c T viInitialize
0000000000005e30 0000000000000044 T viExit
0000000000005e80 000000000000000c T viGetSession_IHOSBinderDriverRelay
0000000000005e90 0000000000000110 T viOpenDisplay
0000000000005fa0 00000000000000f4 T viCloseDisplay
00000000000060a0 00000000000000fc T viCloseLayer
00000000000061a0 000000000000038c T viCreateLayer
0000000000006530 00000000000000d8 T viSetLayerScalingMode
0000000000006610 00000000000000c0 t _apmCleanup
00000000000066d0 00000000000000fc t _apmCmdGetSession.constprop.0
00000000000067d0 00000000000000a0 T apmInitialize
0000000000006870 0000000000000044 T apmExit
00000000000068c0 00000000000000c8 T apmSetPerformanceConfiguration
0000000000006990 00000000000000cc t _nvSetClientPID
0000000000006a60 00000000000000d0 t _nvCleanup
0000000000006b30 00000000000000d4 t _nvCmdInitialize.constprop.0
0000000000006c10 000000000000001c W __nx_nv_create_tmem
0000000000006c30 0000000000000220 T nvInitialize
0000000000006e50 0000000000000044 T nvExit
0000000000006ea0 0000000000000140 T nvConvertError
0000000000006fe0 0000000000000114 T nvOpen
0000000000007100 0000000000000290 T nvIoctl
0000000000007390 00000000000000d8 T nvClose
0000000000007470 0000000000000108 T nvQueryEvent
0000000000007580 00000000000000d0 t _smCmifCmdInPid
0000000000007650 0000000000000068 t _smCleanup
00000000000076c0 0000000000000048 T smAddOverrideHandle
0000000000007710 0000000000000054 T smGetServiceOverride
0000000000007770 00000000000001c0 T smInitialize
0000000000007930 0000000000000044 T smExit
0000000000007980 00000000000000d0 T smGetServiceOriginal
0000000000007a50 0000000000000120 T smGetServiceWrapper
0000000000007b70 0000000000000108 t _hidCleanup
0000000000007c80 00000000000000d4 t _hidCmdInAruidNoOut
0000000000007d60 00000000000000e0 t _hidCmdInU32AruidNoOut
0000000000007e40 0000000000000184 t _hidGetStates
0000000000007fd0 0000000000000118 t _hidCreateAppletResource.constprop.0
00000000000080f0 00000000000000c8 t _hidCmdGetHandle.constprop.0
00000000000081c0 00000000000000dc T hidInitialize
00000000000082a0 0000000000000044 T hidExit
00000000000082f0 000000000000000c T hidGetSharedmemAddr
0000000000008300 0000000000000094 T hidGetNpadStyleSet
00000000000083a0 000000000000006c T hidInitializeNpad
0000000000008410 00000000000000ac T hidGetNpadStatesFullKey
00000000000084c0 00000000000000ac T hidGetNpadStatesHandheld
0000000000008570 00000000000000ac T hidGetNpadStatesJoyDual
0000000000008620 00000000000000ac T hidGetNpadStatesJoyLeft
00000000000086d0 00000000000000ac T hidGetNpadStatesJoyRight
0000000000008780 0000000000000174 T hidGetNpadStatesGc
0000000000008900 00000000000000b0 T hidGetNpadStatesSystemExt
00000000000089b0 0000000000000008 T hidSetSupportedNpadStyleSet
00000000000089c0 00000000000000fc T hidSetSupportedNpadIdType
0000000000008ac0 000000000000007c t _nvFenceCleanup
0000000000008b40 0000000000000098 T nvFenceInit
0000000000008be0 0000000000000044 T nvFenceExit
0000000000008c30 0000000000000234 T nvFenceWait
0000000000008e70 0000000000000074 T nvMultiFenceWait
0000000000008ef0 00000000000000b4 T nvMapInit
0000000000008fb0 000000000000006c T nvMapExit
0000000000009020 0000000000000080 T nvMapClose
00000000000090a0 0000000000000160 T nvMapCreate
0000000000009200 0000000000000028 T nvioctlNvhostCtrl_EventSignal
0000000000009230 0000000000000044 T nvioctlNvhostCtrl_EventWait
0000000000009280 0000000000000030 T nvioctlNvhostCtrl_EventWaitAsync
00000000000092b0 0000000000000028 T nvioctlNvhostCtrl_EventRegister
00000000000092e0 0000000000000028 T nvioctlNvhostCtrl_EventUnregister
0000000000009310 0000000000000040 T nvioctlNvmap_Create
0000000000009350 0000000000000040 T nvioctlNvmap_Alloc
0000000000009390 0000000000000030 T nvioctlNvmap_Free
00000000000093c0 0000000000000040 T nvioctlNvmap_GetId
0000000000009400 00000000000000d8 T bqRequestBuffer
00000000000094e0 0000000000000160 T bqDequeueBuffer
0000000000009640 00000000000000dc T bqQueueBuffer
0000000000009720 0000000000000094 T bqCancelBuffer
00000000000097c0 00000000000000e4 T bqConnect
00000000000098b0 000000000000009c T bqDisconnect
0000000000009950 0000000000000174 T bqSetPreallocatedBuffer
0000000000009ad0 0000000000000018 T binderCreate
0000000000009af0 00000000000003b0 T binderTransactParcel
0000000000009ea0 0000000000000124 T binderConvertErrorCode
0000000000009fd0 0000000000000124 T binderAdjustRefcount
000000000000a100 0000000000000098 T binderInitSession
000000000000a1a0 0000000000000068 T binderClose
000000000000a210 0000000000000158 T binderGetNativeHandle
000000000000a370 0000000000000030 T parcelCreate
000000000000a3a0 000000000000019c T parcelTransact
000000000000a540 0000000000000088 T parcelWriteData
000000000000a5d0 0000000000000098 T parcelReadData
000000000000a670 0000000000000020 T parcelWriteInt32
000000000000a690 0000000000000020 T parcelWriteUInt32
000000000000a6b0 000000000000007c T parcelWriteString16
000000000000a730 0000000000000030 T parcelWriteInterfaceToken
000000000000a760 0000000000000024 T parcelReadInt32
000000000000a790 0000000000000068 T parcelReadFlattenedObject
000000000000a800 000000000000004c T parcelWriteFlattenedObject
000000000000a850 00000000000000a0 T __nx_dynamic
000000000000a8f0 00000000000000d8 W __libnx_initheap
000000000000a9d0 00000000000000ec W __appInit
000000000000aac0 0000000000000044 W __appExit
000000000000ab10 000000000000002c W __libnx_init
000000000000ab40 0000000000000020 W __libnx_exit
000000000000ab60 000000000000001c T __syscall_exit
000000000000ab80 0000000000000034 T __syscall_getreent
000000000000abc0 0000000000000004 T __syscall_lock_acquire
000000000000abd0 0000000000000004 T __syscall_lock_release
000000000000abe0 0000000000000004 T __syscall_lock_acquire_recursive
000000000000abf0 0000000000000004 T __syscall_lock_release_recursive
000000000000ac00 0000000000000228 T __libnx_init_time
000000000000ae30 0000000000000084 T newlibSetup
000000000000aec0 0000000000000320 W argvSetup
000000000000b1e0 0000000000000014 t fsdev_link
000000000000b200 0000000000000014 t fsdev_dirreset
000000000000b220 0000000000000014 t fsdev_chmod
000000000000b240 0000000000000018 t error_cmp
000000000000b260 0000000000000020 t fsdev_dirclose
000000000000b280 000000000000001c t fsdev_close
000000000000b2a0 0000000000000080 t fsdev_converttimetoutc
000000000000b320 00000000000000b8 t fsdevFindDevice.part.0
000000000000b3e0 00000000000001e0 t fsdev_fixpath
000000000000b5c0 00000000000000a0 t _fsdevUnmountDeviceStruct.part.0
000000000000b660 0000000000000014 t fsdev_fchmod
000000000000b680 0000000000000108 t fsdev_diropen
000000000000b790 000000000000007c t fsdev_fsync
000000000000b810 0000000000000108 t fsdev_fstat
000000000000b920 0000000000000094 t fsdev_ftruncate
000000000000b9c0 00000000000001f8 t fsdev_stat
000000000000bbc0 0000000000000154 t fsdev_rename
000000000000bd20 0000000000000148 t fsdev_chdir
000000000000be70 00000000000000ac t fsdev_mkdir
000000000000bf20 00000000000000ac t fsdev_unlink
000000000000bfd0 00000000000000ac t fsdev_rmdir
000000000000c080 0000000000000104 t fsdev_statvfs
000000000000c190 000000000000013c t fsdev_write_safe
000000000000c2d0 000000000000013c t fsdev_read_safe
000000000000c410 0000000000000104 t fsdev_read
000000000000c520 00000000000001d4 t fsdev_dirnext
000000000000c700 0000000000000124 t fsdev_write
000000000000c830 00000000000000e4 t fsdev_seek
000000000000c920 0000000000000238 t fsdev_open
000000000000cb60 000000000000026c T fsdevMountDevice
000000000000cdd0 0000000000000048 T fsdevMountSdmc
000000000000ce20 00000000000000cc T __libnx_init_cwd
000000000000cef0 0000000000000064 T fsdevUnmountAll
000000000000cf60 000000000000012c T decode_utf8
000000000000d08c W __libnx_exception_entry
000000000000d118 t __libnx_exception_entry_start
000000000000d240 t __libnx_exception_entry_abort
000000000000d244 t __libnx_exception_entry_end
000000000000d24c T __libnx_exception_returnentry
000000000000d264 T __aarch64_read_tp
000000000000d270 0000000000000014 T shmemLoadRemote
000000000000d290 0000000000000088 T shmemMap
000000000000d320 0000000000000034 T shmemUnmap
000000000000d360 0000000000000044 T shmemClose
000000000000d3b0 0000000000000064 T condvarWaitTimeout
000000000000d420 00000000000000ac T __libnx_init_thread
000000000000d4d0 00000000000000d4 t _setsysGetFirmwareVersionImpl
000000000000d5b0 0000000000000068 t _setsysCleanup
000000000000d620 00000000000000a0 T setsysInitialize
000000000000d6c0 0000000000000044 T setsysExit
000000000000d710 0000000000000044 T setsysGetFirmwareVersion
000000000000d760 00000000000000b4 t _fsCleanup
000000000000d820 00000000000001b0 t _fsCmdNoIO
000000000000d9d0 00000000000001d4 t _fsFsCmdWithInPath
000000000000dbb0 00000000000001fc t _fsFsCmdWithTwoInPaths
000000000000ddb0 000000000000023c t _fsFsOpenCommon
000000000000dff0 00000000000001f0 t _fsFsCmdWithInPathAndOutU64
000000000000e1e0 00000000000000f4 t _fsObjectClose
000000000000e2e0 000000000000017c t _fsCmdGetSession.constprop.0
000000000000e460 0000000000000318 T fsInitialize
000000000000e780 0000000000000044 T fsExit
000000000000e7d0 0000000000000008 T fsOpenSdCardFileSystem
000000000000e7e0 00000000000001e4 T fsFsCreateFile
000000000000e9d0 0000000000000008 T fsFsDeleteFile
000000000000e9e0 0000000000000008 T fsFsCreateDirectory
000000000000e9f0 0000000000000008 T fsFsDeleteDirectory
000000000000ea00 0000000000000008 T fsFsRenameFile
000000000000ea10 0000000000000008 T fsFsRenameDirectory
000000000000ea20 00000000000001ec T fsFsGetEntryType
000000000000ec10 0000000000000008 T fsFsOpenFile
000000000000ec20 0000000000000008 T fsFsOpenDirectory
000000000000ec30 0000000000000008 T fsFsGetFreeSpace
000000000000ec40 0000000000000008 T fsFsGetTotalSpace
000000000000ec50 0000000000000230 T fsFsGetFileTimeStampRaw
000000000000ee80 0000000000000004 T fsFsClose
000000000000ee90 0000000000000210 T fsFileRead
000000000000f0a0 0000000000000200 T fsFileWrite
000000000000f2a0 0000000000000008 T fsFileFlush
000000000000f2b0 00000000000001b4 T fsFileSetSize
000000000000f2b0 00000000000001b4 t fsFileSetSize.localalias
000000000000f470 00000000000001c4 T fsFileGetSize
000000000000f470 00000000000001c4 t fsFileGetSize.localalias
000000000000f640 0000000000000004 T fsFileClose
000000000000f650 0000000000000004 T fsDirClose
000000000000f660 0000000000000204 T fsDirRead
000000000000f870 0000000000000228 t _timeCleanup
000000000000faa0 00000000000000c8 t _timeCmdNoInOutU64.constprop.0
000000000000fb70 0000000000000100 t _timeCmdGetSession.constprop.0
000000000000fc70 00000000000000cc t _timeGetSharedMemoryNativeHandle.constprop.0
000000000000fd40 0000000000000110 t _timeReadClockFromSharedMem
000000000000fe50 0000000000000238 T timeInitialize
0000000000010090 0000000000000044 T timeExit
00000000000100e0 0000000000000038 T timeGetServiceSession_SystemClock
0000000000010120 000000000000005c T timeGetCurrentTime
0000000000010180 0000000000000110 T timeToCalendarTimeWithMyRule
0000000000010290 0000000000000104 T timeToPosixTimeWithMyRule
00000000000103a0 00000000000000c4 T nxlinkSetup
0000000000010470 0000000000000180 T sessionmgrCreate
00000000000105f0 0000000000000084 T sessionmgrClose
0000000000010680 00000000000000b4 T sessionmgrAttachClient
0000000000010740 0000000000000070 T sessionmgrDetachClient
00000000000107b0 000000000000002c T aligned_alloc
00000000000107e0 00000000000000b8 T bsearch
00000000000108a0 0000000000000014 T __errno
00000000000108c0 0000000000000044 T __libc_fini_array
0000000000010910 000000000000002c T gmtime
0000000000010940 000000000000029c T gmtime_r
0000000000010be0 000000000000008c T __libc_init_array
0000000000010c70 000000000000017c T _memalign_r
0000000000010df0 0000000000000024 T malloc
0000000000010e20 0000000000000024 T free
0000000000010e50 000000000000086c T _malloc_r
00000000000116c0 000000000000016c T memcpy
0000000000011840 00000000000001dc T memset
0000000000011a20 000000000000000c T __malloc_lock
0000000000011a30 000000000000000c T __malloc_unlock
0000000000011a40 0000000000000084 T printf
0000000000011ad0 000000000000003c T setenv
0000000000011b10 0000000000000268 T _setenv_r
0000000000011d78 00000000000000dc T strchr
0000000000011e80 00000000000000e4 T strcmp
0000000000011f80 0000000000000140 T strlen
00000000000120c0 000000000000007c T strncat
000000000001215c 00000000000001b8 T strncmp
0000000000012320 000000000000009c T strncpy
00000000000123e4 00000000000000e0 T strnlen
00000000000124a0 000000000000019c t _strtoul_l.constprop.0
0000000000012640 0000000000000048 T strtoul
0000000000012688 00000000000007e0 t get_arg
0000000000012e68 0000000000003c78 T _vfprintf_r
0000000000016ae0 00000000000000f0 t __sbprintf
0000000000016bd0 00000000000000d8 T _wcrtomb_r
0000000000016cb0 0000000000000010 T _wcsrtombs_r
0000000000016cc0 0000000000000140 T __swsetup_r
0000000000016e00 000000000000012c T __call_exitprocs
0000000000016f30 000000000000019c t quorem
00000000000170d0 0000000000001190 T _dtoa_r
0000000000018260 000000000000000c T __env_lock
0000000000018270 000000000000000c T __env_unlock
0000000000018280 0000000000000228 T __sflush_r
00000000000184b0 00000000000000b8 T _fflush_r
0000000000018570 000000000000000c T _cleanup_r
0000000000018580 000000000000000c T __sfp_lock_acquire
0000000000018590 000000000000000c T __sfp_lock_release
00000000000185a0 000000000000000c T __sinit_lock_acquire
00000000000185b0 000000000000000c T __sinit_lock_release
00000000000185c0 0000000000000154 T __sinit
0000000000018720 0000000000000118 T _malloc_trim_r
0000000000018840 00000000000002f0 T _free_r
0000000000018b30 00000000000000a4 T _fwalk_reent
0000000000018be0 0000000000000100 T _findenv_r
0000000000018ce0 0000000000000008 T __localeconv_l
0000000000018cf0 0000000000000028 T _localeconv_r
0000000000018d20 000000000000002c T __locale_mb_cur_max
0000000000018d50 0000000000000094 T __swhatbuf_r
0000000000018df0 000000000000010c T __smakebuf_r
0000000000018f00 00000000000002c8 T __utf8_mbtowc
00000000000191c8 00000000000000d8 T memchr
00000000000192a0 000000000000008c T _Balloc
0000000000019330 000000000000001c T _Bfree
0000000000019350 0000000000000108 T __multadd
0000000000019460 000000000000005c T __hi0bits
00000000000194c0 000000000000009c T __lo0bits
0000000000019560 000000000000004c T __i2b
00000000000195b0 00000000000001e8 T __multiply
00000000000197a0 0000000000000104 T __pow5mult
00000000000198b0 0000000000000178 T __lshift
0000000000019a30 0000000000000050 T __mcmp
0000000000019a80 00000000000001b8 T __mdiff
0000000000019c40 0000000000000154 T __d2b
0000000000019da0 0000000000000538 T _realloc_r
000000000001a2e0 000000000000007c T frexp
000000000001a360 0000000000000050 T __sread
000000000001a3b0 000000000000006c T __swrite
000000000001a420 0000000000000050 T __sseek
000000000001a470 0000000000000008 T __sclose
000000000001a478 00000000000007e0 t get_arg
000000000001ac58 0000000000000038 T __sprint_r
000000000001ac90 0000000000002958 T _vfiprintf_r
000000000001d5e8 00000000000000f0 t __sbprintf
000000000001d6e0 00000000000001e0 T _wcsnrtombs_l
000000000001d8c0 0000000000000074 T _wcsnrtombs_r
000000000001d940 00000000000000e4 T __utf8_wctomb
000000000001da30 0000000000000064 T __assert_func
000000000001daa0 00000000000000b0 T _calloc_r
000000000001db50 000000000000015c T _fclose_r
000000000001dcb0 0000000000000084 T fiprintf
000000000001dd40 00000000000004dc T __sfvwrite_r
000000000001e240 00000000000000ac T memmove
000000000001e2f0 0000000000000018 T abort
000000000001e310 00000000000000b4 T _raise_r
000000000001e3d0 0000000000000024 T raise
000000000001e400 0000000000000008 t null_write
000000000001e410 0000000000000018 T setDefaultDevice
000000000001e430 0000000000000108 T FindDevice
000000000001e540 0000000000000034 T RemoveDevice
000000000001e580 00000000000000dc T AddDevice
000000000001e660 0000000000000034 T GetDeviceOpTab
000000000001e6a0 00000000000000a8 T _close_r
000000000001e750 0000000000000084 T _fstat_r
000000000001e7e0 0000000000000014 T _getpid_r
000000000001e800 0000000000000008 T _isatty_r
000000000001e810 0000000000000014 T _kill_r
000000000001e830 0000000000000098 T _lseek_r
000000000001e8d0 00000000000000a4 T _read_r
000000000001e980 0000000000000078 T _sbrk_r
000000000001ea00 00000000000000a4 T _write_r
000000000001eab0 0000000000000020 T _exit
000000000001ead0 0000000000000228 T _concatenate_path
000000000001ed00 0000000000000178 T chdir
000000000001ee80 0000000000000014 T __libc_lock_acquire
000000000001eea0 0000000000000014 T __libc_lock_release
000000000001eec0 000000000000000c T __libc_lock_init_recursive
000000000001eed0 0000000000000014 T __libc_lock_acquire_recursive
000000000001eef0 0000000000000014 T __libc_lock_release_recursive
000000000001ef10 0000000000000004 T __libc_lock_close_recursive
000000000001ef20 0000000000000040 T __free_handle
000000000001ef60 0000000000000058 T __release_handle
000000000001efc0 0000000000000020 T __get_handle
000000000001efe0 0000000000000020 T __getreent
000000000001f000 00000000000002f8 t __trunctfdf2
000000000001f300 0000000000000070 t __sfp_handle_exceptions
000000000001f370 0000000000000100 T strrchr
000000000001f470 T _fini
0000000000020000 R __rodata_start
0000000000025e00 0000000000000014 r CSWTCH.560
0000000000025e18 0000000000000038 r g_nvColorFmtTable
0000000000025e88 0000000000000023 r g_bq_InterfaceDescriptor
0000000000025ee0 0000000000000020 r error_table
0000000000025f10 0000000000000101 R _ctype_
0000000000026168 0000000000000010 r blanks.1
0000000000026178 0000000000000010 r zeroes.0
00000000000262b8 0000000000000028 R __mprec_bigtens
00000000000262e0 00000000000000c8 R __mprec_tens
00000000000263a8 000000000000000c r p05.0
00000000000263b8 000000000000006c R __action_table
0000000000026428 0000000000000100 R __chclass
0000000000026528 000000000000006c R __state_table
00000000000266a0 0000000000000010 r blanks.1
00000000000266b0 0000000000000010 r zeroes.0
0000000000026700 r __EH_FRAME_BEGIN__
0000000000026700 R __eh_frame_hdr_end
0000000000026700 R __eh_frame_hdr_start
000000000002b80c r __FRAME_END__
000000000002b810 a _DYNAMIC
000000000002e000 R __data_start
000000000002e000 t __frame_dummy_init_array_entry
000000000002e000 T __init_array_start
000000000002e000 B __preinit_array_end
000000000002e000 B __preinit_array_start
000000000002e000 D __tdata_lma
000000000002e000 D __tdata_lma_end
000000000002e008 t __do_global_dtors_aux_fini_array_entry
000000000002e008 T __fini_array_start
000000000002e008 T __init_array_end
000000000002e010 T __fini_array_end
000000000002e010 T __got_start__
000000000002e010 a _GLOBAL_OFFSET_TABLE_
000000000002e268 D __got_end__
000000000002e268 0000000000000001 V __nx_applet_auto_notifyrunning
000000000002e26c 0000000000000004 V __nx_applet_type
000000000002e270 0000000000000004 V __nx_vi_stray_layer_flags
000000000002e274 0000000000000004 d g_viServiceType
000000000002e278 0000000000000004 V __nx_nv_transfermem_size
000000000002e27c 0000000000000004 d g_ctrl_fd
000000000002e280 0000000000000004 d g_nvmap_fd
000000000002e288 0000000000000008 V __nx_exception_stack_size
000000000002e290 0000000000000004 V __nx_fsdev_direntry_cache_size
000000000002e294 0000000000000001 V __nx_fsdev_support_cwd
000000000002e298 00000000000000e0 d fsdev_devoptab
000000000002e378 0000000000000004 V __nx_fs_num_sessions
000000000002e380 0000000000000008 D _impure_ptr
000000000002e388 0000000000000768 d impure_data
000000000002eaf0 0000000000000008 D _global_impure_ptr
000000000002eaf8 0000000000000008 D __malloc_sbrk_base
000000000002eb00 0000000000000008 D __malloc_trim_threshold
000000000002eb08 0000000000000810 D __malloc_av_
000000000002f318 0000000000000008 D environ
000000000002f320 00000000000001a8 D __global_locale
000000000002f4c8 0000000000000004 d defaultDevice
000000000002f4d0 0000000000000080 D devoptab_list
000000000002f550 00000000000000e0 D dotab_stdnull
000000000002f630 0000000000000400 d _current_working_directory
000000000002fa30 0000000000000010 d __stderr_handle
000000000002fa40 0000000000000010 d __stdin_handle
000000000002fa50 0000000000000010 d __stdout_handle
000000000002fa60 0000000000002000 d handles
0000000000031a60 D __bss_start__
0000000000031a60 b completed.1
0000000000031a68 b object.0
0000000000031a98 0000000000000004 B maxPower
0000000000031a9c 0000000000000004 B t
0000000000031aa0 0000000000000008 B framebuf
0000000000031aa8 0000000000000004 B stride
0000000000031aac 0000000000000004 B juliaMode
0000000000031ab0 0000000000000008 B res
0000000000031ab8 0000000000000008 B xCoord
0000000000031ac0 0000000000000008 B yCoord
0000000000031ac8 0000000000000008 B Zoom
0000000000031ad0 0000000000000050 B fb
0000000000031b20 0000000000000008 B xSize
0000000000031b28 0000000000000008 B ySize
0000000000031b30 0000000000000008 B y
0000000000031b38 0000000000000008 B x
0000000000031b40 0000000000005dc0 B deadColorArray
0000000000037900 0000000000000004 B mndlPow
0000000000037908 0000000000000008 B fp
0000000000037910 0000000000000008 B cImaginary
0000000000037918 0000000000000008 B cReal
0000000000037920 0000000000000004 B scaleY
0000000000037924 0000000000000004 B scaleX
0000000000037928 0000000000000004 B funcNum
000000000003792c 0000000000000004 B format
0000000000037930 0000000000000004 B mode
0000000000037938 0000000000000080 V __nx_applet_AppletAttribute
00000000000379b8 0000000000000008 V __nx_applet_PerformanceConfiguration
00000000000379c0 0000000000000004 V __nx_applet_exit_mode
00000000000379c4 0000000000000001 b g_appletCopyrightInitialized
00000000000379c8 0000000000000028 b g_appletCopyrightTmem
00000000000379f0 0000000000000004 b g_appletCpuBoostMode
00000000000379f4 0000000000000001 b g_appletExitProcessFlag
00000000000379f8 0000000000000004 b g_appletExitProcessResult
0000000000037a00 0000000000000018 b g_appletFirstHook
0000000000037a18 0000000000000001 b g_appletFocusState
0000000000037a20 0000000000000008 b g_appletGuard
0000000000037a28 0000000000000010 b g_appletIAppletCommonFunctions
0000000000037a38 0000000000000010 b g_appletIApplicationCreator
0000000000037a48 0000000000000010 b g_appletIAudioController
0000000000037a58 0000000000000010 b g_appletICommonStateGetter
0000000000037a68 0000000000000010 b g_appletIDebugFunctions
0000000000037a78 0000000000000010 b g_appletIDisplayController
0000000000037a88 0000000000000010 b g_appletIFunctions
0000000000037a98 0000000000000010 b g_appletIGlobalStateController
0000000000037aa8 0000000000000010 b g_appletILibraryAppletCreator
0000000000037ab8 0000000000000010 b g_appletILibraryAppletSelfAccessor
0000000000037ac8 0000000000000010 b g_appletIProcessWindingController
0000000000037ad8 0000000000000010 b g_appletISelfController
0000000000037ae8 0000000000000010 b g_appletIWindowController
0000000000037af8 0000000000000050 b g_appletInfo
0000000000037b48 0000000000000001 b g_appletInfoInitialized
0000000000037b50 0000000000000008 b g_appletInitTickBase
0000000000037b58 0000000000000001 b g_appletLeftInitialized
0000000000037b60 000000000000000c b g_appletLibraryAppletLaunchableEvent
0000000000037b70 000000000000000c b g_appletMessageEvent
0000000000037b7c 0000000000000001 b g_appletNotifiedRunning
0000000000037b7d 0000000000000001 b g_appletOperationMode
0000000000037b80 0000000000000004 b g_appletPerformanceMode
0000000000037b88 0000000000000010 b g_appletProxySession
0000000000037b98 0000000000000004 b g_appletRecordingInitialized
0000000000037ba0 0000000000000028 b g_appletRecordingTmem
0000000000037bc8 0000000000000008 b g_appletResourceUserId
0000000000037bd0 0000000000000010 b g_appletSrv
0000000000037be0 0000000000000008 b g_appletSuspendedTick
0000000000037be8 000000000000000c b g_appletSuspendedTickEvent
0000000000037bf4 0000000000000001 b g_appletSuspendedTickInitialized
0000000000037bf8 0000000000000080 b g_defaultWin
0000000000037c78 0000000000000050 b g_viDisplay
0000000000037cc8 0000000000000010 b g_viLayer
0000000000037cd8 0000000000000004 b g_hosVersion
0000000000037cdc 0000000000000001 b g_hasRandomSeed
0000000000037cdd 0000000000000001 b g_isNso
0000000000037ce0 0000000000000004 b g_lastLoadResult
0000000000037ce8 0000000000000008 b g_loaderInfo
0000000000037cf0 0000000000000008 b g_loaderInfoSize
0000000000037cf8 0000000000000008 b g_loaderRetAddr
0000000000037d00 0000000000000004 b g_mainThreadHandle
0000000000037d08 0000000000000008 b g_nextLoadArgv
0000000000037d10 0000000000000008 b g_nextLoadPath
0000000000037d18 0000000000000008 b g_overrideArgv
0000000000037d20 0000000000000008 b g_overrideHeapAddr
0000000000037d28 0000000000000008 b g_overrideHeapSize
0000000000037d30 0000000000000004 b g_processHandle
0000000000037d38 0000000000000010 b g_randomSeed
0000000000037d48 0000000000000010 b g_syscallHints
0000000000037d58 0000000000000008 b g_userIdStorage
0000000000037d60 B __stack_top
0000000000037d68 0000000000000010 b g_AliasRegion
0000000000037d78 0000000000000010 b g_AslrRegion
0000000000037d88 0000000000000010 b g_HeapRegion
0000000000037d98 0000000000000001 b g_IsLegacyKernel
0000000000037da0 0000000000000008 b g_Reservations
0000000000037da8 0000000000000010 b g_StackRegion
0000000000037db8 0000000000000004 b g_VirtmemMutex
0000000000037dc0 0000000000000040 b g_chacha
0000000000037e00 0000000000000001 b g_randInit
0000000000037e04 0000000000000004 b g_randMutex
0000000000037e08 0000000000000008 V __nx_vi_layer_id
0000000000037e10 0000000000000008 b g_viGuard
0000000000037e18 0000000000000010 b g_viIApplicationDisplayService
0000000000037e28 0000000000000010 b g_viIHOSBinderDriverIndirect
0000000000037e38 0000000000000010 b g_viIHOSBinderDriverRelay
0000000000037e48 0000000000000010 b g_viIManagerDisplayService
0000000000037e58 0000000000000010 b g_viISystemDisplayService
0000000000037e68 0000000000000008 b g_apmGuard
0000000000037e70 0000000000000010 b g_apmISession
0000000000037e80 0000000000000010 b g_apmSrv
0000000000037e90 0000000000000008 b g_nvGuard
0000000000037e98 0000000000000010 b g_nvSrv
0000000000037ea8 0000000000000010 b g_nvSrvClone
0000000000037eb8 0000000000000028 b g_nvTransfermem
0000000000037ee0 0000000000000008 b g_smGuard
0000000000037ee8 0000000000000180 b g_smOverrides
0000000000038068 0000000000000008 b g_smOverridesNum
0000000000038070 0000000000000010 b g_smSrv
0000000000038080 0000000000000008 b g_hidGuard
0000000000038088 0000000000000010 b g_hidIActiveVibrationDeviceList
0000000000038098 0000000000000010 b g_hidIAppletResource
00000000000380a8 0000000000000020 b g_hidSharedmem
00000000000380c8 0000000000000010 b g_hidSrv
00000000000380d8 0000000000000008 b g_sevenSixAxisSensorBuffer
00000000000380e0 0000000000000008 b g_NvEventUsedMask
00000000000380e8 0000000000000300 b g_NvEvents
00000000000383e8 0000000000000008 b g_nvFenceGuard
00000000000383f0 0000000000000008 b g_nvMapGuard
00000000000383f8 0000000000000004 V __nx_exception_ignoredebug
0000000000038400 0000000000000400 V __nx_exception_stack
0000000000038800 0000000000000340 B __nx_exceptiondump
0000000000038b40 0000000000000008 V __nx_heap_size
0000000000038b48 0000000000000008 b __bootticks
0000000000038b50 0000000000000008 b __boottime
0000000000038b58 0000000000000004 V __nx_time_type
0000000000038b5c 0000000000000004 B __system_argc
0000000000038b60 0000000000000008 B __system_argv
0000000000038b68 0000000000000008 b g_argv_empty
0000000000038b70 0000000000000004 b fsdev_fsdevice_cwd
0000000000038b78 0000000000002400 b fsdev_fsdevices
000000000003af78 0000000000000001 b fsdev_initialised
000000000003af80 0000000000000038 b g_mainThread
000000000003afb8 0000000000000008 b g_threadList
000000000003afc0 0000000000000004 b g_threadMutex
000000000003afc8 0000000000000008 b g_setsysGuard
000000000003afd0 0000000000000010 b g_setsysSrv
000000000003afe0 0000000000000008 b g_fsGuard
000000000003afe8 0000000000000054 b g_fsSessionMgr
000000000003b040 0000000000000010 b g_fsSrv
000000000003b050 0000000000000004 V __nx_time_service_type
000000000003b058 0000000000000008 b g_timeGuard
000000000003b060 0000000000000010 b g_timeLocalSystemClock
000000000003b070 0000000000000010 b g_timeNetworkSystemClock
000000000003b080 0000000000000020 b g_timeSharedmem
000000000003b0a0 0000000000000010 b g_timeSrv
000000000003b0b0 0000000000000010 b g_timeSteadyClock
000000000003b0c0 0000000000000010 b g_timeTimeZoneService
000000000003b0d0 0000000000000010 b g_timeUserSystemClock
000000000003b0e0 0000000000000004 B __nxlink_host
000000000003b0e8 0000000000000028 B __malloc_current_mallinfo
000000000003b110 0000000000000008 B __malloc_max_sbrked_mem
000000000003b118 0000000000000008 B __malloc_max_total_mem
000000000003b120 0000000000000008 B __malloc_top_pad
000000000003b128 000000000000000c b __malloc_recursive_mutex
000000000003b134 0000000000000004 b alloced.0
000000000003b138 000000000000000c B __atexit_recursive_mutex
000000000003b148 0000000000000008 b initial_env
000000000003b150 000000000000000c b __env_recursive_mutex
000000000003b160 000000000000000c b __sfp_recursive_mutex
000000000003b170 000000000000000c b __sinit_recursive_mutex
000000000003b180 0000000000000008 b heap_start.0
000000000003b188 0000000000000008 B fake_heap_end
000000000003b190 0000000000000008 B fake_heap_start
000000000003b198 0000000000000400 b temp_cwd
000000000003b598 0000000000000004 b __hndl_lock
000000000003b5a0 B __tls_start
000000000003b9b0 B __bss_end__
000000000003b9b0 A __end__
000000000003b9b0 B __tls_end
000000000003c000 A __argdata__
